
23;13564;ON;ON;4
4681;13316;ON;ON;100
4150;13320;ON;ON;140
-58;13504;ON;ON;138
-12;13520;ON;ON;121
6640;13240;OFF;ON;186
6745;13220;OFF;ON;251
7241;13140;OFF;ON;320
6861;13176;OFF;ON;385
6572;13160;OFF;ON;446
6731;13152;OFF;ON;508
6822;13132;OFF;ON;571
6736;13108;OFF;ON;632
6774;13100;OFF;ON;693
6683;13076;OFF;ON;752
6826;13068;OFF;ON;812
6661;13044;OFF;ON;870
6976;13024;OFF;ON;931
6852;13012;OFF;ON;990
6662;13004;OFF;ON;1046
6873;12984;OFF;ON;1104
6624;12964;OFF;ON;1159
6880;12952;OFF;ON;1216
6787;12940;OFF;ON;1271
6891;12920;OFF;ON;1327
6737;12908;OFF;ON;1381
6667;12884;OFF;ON;1433
6841;12876;OFF;ON;1487
6748;12860;OFF;ON;1539
6682;12848;OFF;ON;1590
6855;12828;OFF;ON;1642
6708;12816;OFF;ON;1692
6901;12796;OFF;ON;1744
6710;12788;OFF;ON;1793
6955;12776;OFF;ON;1844
6700;12760;OFF;ON;1892
8008;12740;OFF;ON;1953
7021;12728;OFF;ON;2003
7057;12724;OFF;ON;2053
6803;12700;OFF;ON;2149
7212;12660;OFF;ON;2245
7523;12656;OFF;ON;2297
7019;12656;OFF;ON;2344
6657;12648;OFF;ON;2387
7059;12648;OFF;ON;2433
7301;12616;OFF;ON;2481
7023;12624;OFF;ON;2526
6958;12616;OFF;ON;2570
7110;12612;OFF;ON;2615
6862;12596;OFF;ON;2701
6904;12588;OFF;ON;2784
7078;12580;OFF;ON;2826
6991;12572;OFF;ON;2867
7359;12552;OFF;ON;2911
7087;12568;OFF;ON;2952
7015;12564;OFF;ON;2992
7042;12560;OFF;ON;3032
6877;12548;OFF;ON;3070
6926;12544;OFF;ON;3186
6969;12540;OFF;ON;3223
6874;12536;OFF;ON;3259
7149;12540;OFF;ON;3297
7107;12532;OFF;ON;3335
6893;12524;OFF;ON;3370
7422;12508;OFF;ON;3445
7107;12512;OFF;ON;3521
9231;12432;OFF;ON;3647
9725;12384;OFF;ON;3707
9623;12428;OFF;ON;3826
9651;12404;OFF;ON;3884
9148;12388;OFF;ON;3936
7901;12404;OFF;ON;3975
7038;12480;OFF;ON;4005
7943;12476;OFF;ON;4044
7002;12500;OFF;ON;4073
6981;12472;OFF;ON;4102
6962;12500;OFF;ON;4216
7190;12500;OFF;ON;4245
7408;12488;OFF;ON;4304
7088;12504;OFF;ON;4331
7076;12496;OFF;ON;4358
7262;12500;OFF;ON;4441
7021;12512;OFF;ON;4546
7084;12508;OFF;ON;4595
6848;12512;OFF;ON;4617
7169;12520;OFF;ON;4642
6915;12512;OFF;ON;4664
6864;12520;OFF;ON;4777
7044;12520;OFF;ON;4819
7044;12528;OFF;ON;4905
7064;12528;OFF;ON;4947
6855;12528;OFF;ON;4986
7319;12532;OFF;ON;5009
6952;12524;OFF;ON;5028
7073;12520;OFF;ON;5048
7494;12528;OFF;ON;5091
7133;12536;OFF;ON;5111
6910;12524;OFF;ON;5128
7293;12528;OFF;ON;5184
6968;12544;OFF;ON;5201
6977;12540;OFF;ON;5218
6925;12540;OFF;ON;5250
7008;12544;OFF;ON;5318
7111;12552;OFF;ON;5350
6888;12548;OFF;ON;5365
6997;12544;OFF;ON;5381
7132;12548;OFF;ON;5413
6858;12552;OFF;ON;5443
7001;12552;OFF;ON;5471
6817;12552;OFF;ON;5513
6985;12556;OFF;ON;5554
6978;12556;OFF;ON;5607
7441;12540;OFF;ON;5651
6985;12560;OFF;ON;5664
7058;12564;OFF;ON;5727
7306;12540;OFF;ON;5742
7049;12564;OFF;ON;5755
7157;12560;OFF;ON;5804
7005;12560;OFF;ON;5826
7212;12568;OFF;ON;5850
6957;12568;OFF;ON;5861
7069;12564;OFF;ON;5873
6870;12556;OFF;ON;5882
7133;12568;OFF;ON;5894
7058;12564;OFF;ON;5917
6836;12568;OFF;ON;5955
7531;12568;OFF;ON;5980
6804;12572;OFF;ON;5988
7059;12572;OFF;ON;5998
6856;12576;OFF;ON;6006
6965;12572;OFF;ON;6024
7009;12568;OFF;ON;6033
7161;12572;OFF;ON;6069
7544;12564;OFF;ON;6094
6779;12576;OFF;ON;6100
7124;12580;OFF;ON;6110
6844;12576;OFF;ON;6117
7073;12572;OFF;ON;6126
7302;12556;OFF;ON;6160
7008;12580;OFF;ON;6168
7036;12572;OFF;ON;6176
7079;12580;OFF;ON;6205
7045;12576;OFF;ON;6236
6973;12576;OFF;ON;6250
6983;12580;OFF;ON;6264
7087;12568;OFF;ON;6278
6786;12580;OFF;ON;6295
6888;12580;OFF;ON;6325
7093;12584;OFF;ON;6339
6974;12580;OFF;ON;6345
6899;12580;OFF;ON;6356
7208;12584;OFF;ON;6364
7421;12564;OFF;ON;6374
6981;12588;OFF;ON;6391
7032;12584;OFF;ON;6397
6920;12584;OFF;ON;6409
7519;12572;OFF;ON;6420
7091;12584;OFF;ON;6426
6850;12584;OFF;ON;6442
6928;12584;OFF;ON;6467
6998;12584;OFF;ON;6492
6906;12588;OFF;ON;6502
6879;12592;OFF;ON;6525
7052;12588;OFF;ON;6530
7117;12588;OFF;ON;6539
6884;12588;OFF;ON;6546
7161;12588;OFF;ON;6556
6822;12588;OFF;ON;6566
7217;12592;OFF;ON;6572
6925;12596;OFF;ON;6575
6990;12592;OFF;ON;6579
7499;12584;OFF;ON;6593
7011;12592;OFF;ON;6597
7202;12588;OFF;ON;6606
6888;12592;OFF;ON;6608
7390;12596;OFF;ON;6615
6965;12588;OFF;ON;6618
6974;12592;OFF;ON;6624
6938;12600;OFF;ON;6632
6930;12592;OFF;ON;6634
6937;12596;OFF;ON;6647



7506;11472;OFF;ON;7530
7739;11468;OFF;ON;7532
7673;11472;OFF;ON;7533
7689;11460;OFF;ON;7535
7502;11472;OFF;ON;7535
7660;11468;OFF;ON;7536
7534;11440;OFF;ON;7535
7857;11276;OFF;ON;7538
8194;11376;OFF;ON;7544
8295;11352;OFF;ON;7551
8062;11372;OFF;ON;7561
8231;11376;OFF;ON;7572
7960;11384;OFF;ON;7575
8428;11380;OFF;ON;7583
7476;11396;OFF;ON;7581
7757;11424;OFF;ON;7582
7478;11460;OFF;ON;7580
8131;11392;OFF;ON;7585
8061;11380;OFF;ON;7589
7954;11364;OFF;ON;7597
7860;11360;OFF;ON;7599
8483;11356;OFF;ON;7607
8354;11328;OFF;ON;7614
goes to shut down
5456;11320;OFF;OFF;7592
191;12416;OFF;OFF;7517
187;12680;OFF;OFF;2842
-340;12752;ON;OFF;1141
187;12764;OFF;OFF;1131
187;12728;OFF;OFF;1121
186;12724;OFF;OFF;1111
186;12720;OFF;OFF;1081
202;12728;ON;OFF;1045
-547;12728;ON;OFF;1029
186;12732;OFF;OFF;1020
-753;12784;ON;OFF;1002
-584;12796;ON;OFF;950
186;12748;OFF;OFF;942
-511;12784;ON;OFF;927
-699;12764;ON;OFF;910
186;12740;OFF;OFF;902
186;12736;OFF;OFF;894
187;12736;OFF;OFF;879
186;12732;OFF;OFF;865
-720;12776;ON;OFF;814
-220;12780;ON;OFF;786
186;12748;OFF;OFF;780
186;12740;OFF;OFF;774
186;12736;OFF;OFF;762
-104;12744;ON;OFF;741
186;12740;OFF;OFF;735
186;12736;OFF;OFF;729
186;12732;OFF;OFF;699
-370;12772;OFF;OFF;670
-760;12788;ON;OFF;655
-470;12768;ON;OFF;630
186;12752;OFF;OFF;625
186;12744;OFF;OFF;620
186;12740;OFF;OFF;610
-763;12792;ON;OFF;586
